<?xml version="1.0" encoding="UTF-8"?>
<testsuite xmlns:xsi="http://www.w3.org/2001/XMLSchema-instance" xsi:noNamespaceSchemaLocation="https://maven.apache.org/surefire/maven-surefire-plugin/xsd/surefire-test-report-3.0.xsd" version="3.0" name="com.mycompany.flight.FlightSearchTest" time="0.492" tests="20" errors="0" skipped="0" failures="0">
  <properties>
    <property name="java.specification.version" value="25"/>
    <property name="sun.cpu.isalist" value="amd64"/>
    <property name="sun.jnu.encoding" value="Cp1252"/>
    <property name="java.class.path" value="C:\Users\User\New folder\flightsearch-app\target\test-classes;C:\Users\User\New folder\flightsearch-app\target\classes;C:\Users\User\.m2\repository\org\junit\jupiter\junit-jupiter-engine\5.9.2\junit-jupiter-engine-5.9.2.jar;C:\Users\User\.m2\repository\org\junit\platform\junit-platform-engine\1.9.2\junit-platform-engine-1.9.2.jar;C:\Users\User\.m2\repository\org\opentest4j\opentest4j\1.2.0\opentest4j-1.2.0.jar;C:\Users\User\.m2\repository\org\junit\platform\junit-platform-commons\1.9.2\junit-platform-commons-1.9.2.jar;C:\Users\User\.m2\repository\org\junit\jupiter\junit-jupiter-api\5.9.2\junit-jupiter-api-5.9.2.jar;C:\Users\User\.m2\repository\org\apiguardian\apiguardian-api\1.1.2\apiguardian-api-1.1.2.jar;"/>
    <property name="java.vm.vendor" value="Oracle Corporation"/>
    <property name="sun.arch.data.model" value="64"/>
    <property name="user.variant" value=""/>
    <property name="java.vendor.url" value="https://java.oracle.com/"/>
    <property name="user.timezone" value="Australia/Sydney"/>
    <property name="os.name" value="Windows 11"/>
    <property name="java.vm.specification.version" value="25"/>
    <property name="sun.java.launcher" value="SUN_STANDARD"/>
    <property name="user.country" value="US"/>
    <property name="sun.boot.library.path" value="C:\Program Files\Java\jdk-25\bin"/>
    <property name="sun.java.command" value="C:\Users\User\AppData\Local\Temp\surefire13869990372708648970\surefirebooter-20251019211716760_3.jar C:\Users\User\AppData\Local\Temp\surefire13869990372708648970 2025-10-19T21-17-15_305-jvmRun1 surefire-20251019211716760_1tmp surefire_0-20251019211716760_2tmp"/>
    <property name="jdk.debug" value="release"/>
    <property name="surefire.test.class.path" value="C:\Users\User\New folder\flightsearch-app\target\test-classes;C:\Users\User\New folder\flightsearch-app\target\classes;C:\Users\User\.m2\repository\org\junit\jupiter\junit-jupiter-engine\5.9.2\junit-jupiter-engine-5.9.2.jar;C:\Users\User\.m2\repository\org\junit\platform\junit-platform-engine\1.9.2\junit-platform-engine-1.9.2.jar;C:\Users\User\.m2\repository\org\opentest4j\opentest4j\1.2.0\opentest4j-1.2.0.jar;C:\Users\User\.m2\repository\org\junit\platform\junit-platform-commons\1.9.2\junit-platform-commons-1.9.2.jar;C:\Users\User\.m2\repository\org\junit\jupiter\junit-jupiter-api\5.9.2\junit-jupiter-api-5.9.2.jar;C:\Users\User\.m2\repository\org\apiguardian\apiguardian-api\1.1.2\apiguardian-api-1.1.2.jar;"/>
    <property name="sun.cpu.endian" value="little"/>
    <property name="user.home" value="C:\Users\User"/>
    <property name="user.language" value="en"/>
    <property name="java.specification.vendor" value="Oracle Corporation"/>
    <property name="java.version.date" value="2025-09-16"/>
    <property name="java.home" value="C:\Program Files\Java\jdk-25"/>
    <property name="file.separator" value="\"/>
    <property name="basedir" value="C:\Users\User\New folder\flightsearch-app"/>
    <property name="java.vm.compressedOopsMode" value="32-bit"/>
    <property name="line.separator" value="&#10;"/>
    <property name="java.vm.specification.vendor" value="Oracle Corporation"/>
    <property name="java.specification.name" value="Java Platform API Specification"/>
    <property name="surefire.real.class.path" value="C:\Users\User\AppData\Local\Temp\surefire13869990372708648970\surefirebooter-20251019211716760_3.jar"/>
    <property name="user.script" value=""/>
    <property name="sun.management.compiler" value="HotSpot 64-Bit Tiered Compilers"/>
    <property name="java.runtime.version" value="25+37-LTS-3491"/>
    <property name="user.name" value="User"/>
    <property name="stdout.encoding" value="Cp1252"/>
    <property name="path.separator" value=";"/>
    <property name="os.version" value="10.0"/>
    <property name="java.runtime.name" value="Java(TM) SE Runtime Environment"/>
    <property name="file.encoding" value="UTF-8"/>
    <property name="java.vm.name" value="Java HotSpot(TM) 64-Bit Server VM"/>
    <property name="localRepository" value="C:\Users\User\.m2\repository"/>
    <property name="java.vendor.url.bug" value="https://bugreport.java.com/bugreport/"/>
    <property name="java.io.tmpdir" value="C:\Users\User\AppData\Local\Temp\"/>
    <property name="java.version" value="25"/>
    <property name="user.dir" value="C:\Users\User\New folder\flightsearch-app"/>
    <property name="os.arch" value="amd64"/>
    <property name="java.vm.specification.name" value="Java Virtual Machine Specification"/>
    <property name="sun.os.patch.level" value=""/>
    <property name="native.encoding" value="Cp1252"/>
    <property name="java.library.path" value="C:\Program Files\Java\jdk-25\bin;C:\WINDOWS\Sun\Java\bin;C:\WINDOWS\system32;C:\WINDOWS;C:\Program Files\Eclipse Adoptium\jdk-25.0.0.36-hotspot\bin;C:\Program Files\Common Files\Oracle\Java\javapath;C:\WINDOWS\system32;C:\WINDOWS;C:\WINDOWS\System32\Wbem;C:\WINDOWS\System32\WindowsPowerShell\v1.0\;C:\WINDOWS\System32\OpenSSH\;C:\Program Files\apache-maven-3.9.11\bin;C:\Program Files\Git\cmd;C:\Users\User\AppData\Local\Programs\Python\Python313\Scripts\;C:\Users\User\AppData\Local\Programs\Python\Python313\;C:\Users\User\AppData\Local\Programs\Python\Launcher\;C:\Users\User\AppData\Local\Microsoft\WindowsApps;C:\Users\User\AppData\Local\Programs\Microsoft VS Code\bin;C:\Users\User\AppData\Local\Packages\PythonSoftwareFoundation.Python.3.13_qbz5n2kfra8p0\LocalCache\local-packages\Python313\site-packages;;c:\Users\User\AppData\Roaming\Code\User\globalStorage\github.copilot-chat\debugCommand;."/>
    <property name="java.vm.info" value="mixed mode, sharing"/>
    <property name="stderr.encoding" value="Cp1252"/>
    <property name="java.vendor" value="Oracle Corporation"/>
    <property name="java.vm.version" value="25+37-LTS-3491"/>
    <property name="stdin.encoding" value="Cp1252"/>
    <property name="sun.io.unicode.encoding" value="UnicodeLittle"/>
    <property name="java.class.version" value="69.0"/>
  </properties>
  <testcase name="testChildrenInFirstClassNotAllowed" classname="com.mycompany.flight.FlightSearchTest" time="0.099"/>
  <testcase name="testInvalidDateFormatOrNonexistentDate" classname="com.mycompany.flight.FlightSearchTest" time="0.007"/>
  <testcase name="testInvalidSeatingClass" classname="com.mycompany.flight.FlightSearchTest" time="0.003"/>
  <testcase name="testInfantsInBusinessNotAllowed" classname="com.mycompany.flight.FlightSearchTest" time="0.004"/>
  <testcase name="testValidCaseSimpleEconomy" classname="com.mycompany.flight.FlightSearchTest" time="0.006"/>
  <testcase name="testTooManyInfantsForAdults" classname="com.mycompany.flight.FlightSearchTest" time="0.003"/>
  <testcase name="testValidCaseEconomyWithEmergencyFalse" classname="com.mycompany.flight.FlightSearchTest" time="0.002"/>
  <testcase name="testSameDepartureAndDestinationNotAllowed" classname="com.mycompany.flight.FlightSearchTest" time="0.002"/>
  <testcase name="testValidCaseBusinessWithoutInfantOrEmergency" classname="com.mycompany.flight.FlightSearchTest" time="0.003"/>
  <testcase name="testInvalidAirportCode" classname="com.mycompany.flight.FlightSearchTest" time="0.001"/>
  <testcase name="testTotalPassengersTooMany" classname="com.mycompany.flight.FlightSearchTest" time="0.002"/>
  <testcase name="testValidCasePremiumEconomyNoEmergency" classname="com.mycompany.flight.FlightSearchTest" time="0.002"/>
  <testcase name="testTooManyChildrenForAdults" classname="com.mycompany.flight.FlightSearchTest" time="0.002"/>
  <testcase name="testChildrenInEmergencyRowNotAllowed" classname="com.mycompany.flight.FlightSearchTest" time="0.007"/>
  <testcase name="testChildrenBoundaryAllowed" classname="com.mycompany.flight.FlightSearchTest" time="0.002"/>
  <testcase name="testDepartureDateInPast" classname="com.mycompany.flight.FlightSearchTest" time="0.006"/>
  <testcase name="testInfantsInEmergencyRowNotAllowed" classname="com.mycompany.flight.FlightSearchTest" time="0.007"/>
  <testcase name="testReturnBeforeDeparture" classname="com.mycompany.flight.FlightSearchTest" time="0.006"/>
  <testcase name="testTotalPassengersTooFew" classname="com.mycompany.flight.FlightSearchTest" time="0.002"/>
  <testcase name="testInfantBoundaryAllowed" classname="com.mycompany.flight.FlightSearchTest" time="0.002"/>
</testsuite>